Using pre-set license
Built from '2020.3/staging' branch; Version is '2020.3.6f1 (338bb68529b2) revision 3378102'; Using compiler version '192528614'; Build Type 'Release'
OS: 'Windows 10 Pro; OS build 19043.1237; Version 2009; 64bit' Language: 'en' Physical Memory: 16320 MB
BatchMode: 1, IsHumanControllingUs: 0, StartBugReporterOnCrash: 0, Is64bit: 1, IsPro: 0

 COMMAND LINE ARGUMENTS:
C:\Program Files\Unity\Hub\Editor\2020.3.6f1\Editor\Unity.exe
-adb2
-batchMode
-noUpm
-name
AssetImportWorker0
-projectPath
C:/GitHub/Game/Unity/SP-DemoProject
-logFile
Logs/AssetImportWorker0.log
-srvPort
62612
Successfully changed project path to: C:/GitHub/Game/Unity/SP-DemoProject
C:/GitHub/Game/Unity/SP-DemoProject
Using Asset Import Pipeline V2.
Refreshing native plugins compatible for Editor in 52.85 ms, found 0 plugins.
Preloading 0 native plugins for Editor in 0.00 ms.
Initialize engine version: 2020.3.6f1 (338bb68529b2)
[Subsystems] Discovering subsystems at path C:/Program Files/Unity/Hub/Editor/2020.3.6f1/Editor/Data/Resources/UnitySubsystems
[Subsystems] Discovering subsystems at path C:/GitHub/Game/Unity/SP-DemoProject/Assets
GfxDevice: creating device client; threaded=0
Direct3D:
    Version:  Direct3D 11.0 [level 11.1]
    Renderer: NVIDIA GeForce GTX 980 Ti (ID=0x17c8)
    Vendor:   
    VRAM:     6097 MB
    Driver:   30.0.14.7212
Initialize mono
Mono path[0] = 'C:/Program Files/Unity/Hub/Editor/2020.3.6f1/Editor/Data/Managed'
Mono path[1] = 'C:/Program Files/Unity/Hub/Editor/2020.3.6f1/Editor/Data/MonoBleedingEdge/lib/mono/unityjit'
Mono config path = 'C:/Program Files/Unity/Hub/Editor/2020.3.6f1/Editor/Data/MonoBleedingEdge/etc'
Using monoOptions --debugger-agent=transport=dt_socket,embedding=1,server=y,suspend=n,address=127.0.0.1:56692
Begin MonoManager ReloadAssembly
Registering precompiled unity dll's ...
Register platform support module: C:/Program Files/Unity/Hub/Editor/2020.3.6f1/Editor/Data/PlaybackEngines/WebGLSupport/UnityEditor.WebGL.Extensions.dll
Register platform support module: C:/Program Files/Unity/Hub/Editor/2020.3.6f1/Editor/Data/PlaybackEngines/WindowsStandaloneSupport/UnityEditor.WindowsStandalone.Extensions.dll
Registered in 0.003085 seconds.
Native extension for WindowsStandalone target not found
Native extension for WebGL target not found
Refreshing native plugins compatible for Editor in 52.21 ms, found 0 plugins.
Preloading 0 native plugins for Editor in 0.00 ms.
Mono: successfully reloaded assembly
- Completed reload, in  2.973 seconds
Platform modules already initialized, skipping
Registering precompiled user dll's ...
Registered in 0.001702 seconds.
Begin MonoManager ReloadAssembly
Native extension for WindowsStandalone target not found
Native extension for WebGL target not found
Refreshing native plugins compatible for Editor in 53.23 ms, found 0 plugins.
Preloading 0 native plugins for Editor in 0.00 ms.
Mono: successfully reloaded assembly
- Completed reload, in  1.269 seconds
Platform modules already initialized, skipping
========================================================================
Worker process is ready to serve import requests
Shader 'Universal Render Pipeline/Particles/Lit': fallback shader 'Universal Render Pipeline/Particles/SimpleLit' not found
Shader 'Universal Render Pipeline/Particles/Lit': fallback shader 'Universal Render Pipeline/Particles/SimpleLit' not found
Launched and connected shader compiler UnityShaderCompiler.exe after 0.05 seconds
Refreshing native plugins compatible for Editor in 0.44 ms, found 0 plugins.
Preloading 0 native plugins for Editor in 0.00 ms.
Unloading 2421 Unused Serialized files (Serialized files now loaded: 0)
System memory in use before: 115.9 MB.
System memory in use after: 113.2 MB.

Unloading 44 unused Assets to reduce memory usage. Loaded Objects now: 2830.
Total: 3.908000 ms (FindLiveObjects: 0.305900 ms CreateObjectMapping: 0.099600 ms MarkObjects: 2.036400 ms  DeleteObjects: 1.465000 ms)

========================================================================
Received Import Request.
  path: Assets/Prefabs/Player
  artifactKey: Guid(c7122d8b75d63a44898caf71ee87ffa1) Importer(815301076,1909f56bfc062723c751e8b465ee728b)
Start importing Assets/Prefabs/Player using Guid(c7122d8b75d63a44898caf71ee87ffa1) Importer(815301076,1909f56bfc062723c751e8b465ee728b)  -> (artifact id: '48aba6aa646141a8de86f38302ea18f2') in 0.013174 seconds
  Import took 0.017615 seconds .

========================================================================
Received Import Request.
  Time since last request: 7.567181 seconds.
  path: Assets/Materials
  artifactKey: Guid(19cc34b42c698e1449c9aae34e2fa292) Importer(815301076,1909f56bfc062723c751e8b465ee728b)
Start importing Assets/Materials using Guid(19cc34b42c698e1449c9aae34e2fa292) Importer(815301076,1909f56bfc062723c751e8b465ee728b)  -> (artifact id: 'e4729fae6bc4c1333a46e5f980ab820f') in 0.010800 seconds
  Import took 0.014854 seconds .

========================================================================
Received Prepare
Registering precompiled user dll's ...
Registered in 0.002133 seconds.
Begin MonoManager ReloadAssembly
Native extension for WindowsStandalone target not found
Native extension for WebGL target not found
Refreshing native plugins compatible for Editor in 0.45 ms, found 0 plugins.
Preloading 0 native plugins for Editor in 0.00 ms.
Mono: successfully reloaded assembly
- Completed reload, in  1.158 seconds
Platform modules already initialized, skipping
Shader 'Universal Render Pipeline/Particles/Lit': fallback shader 'Universal Render Pipeline/Particles/SimpleLit' not found
Shader 'Universal Render Pipeline/Particles/Lit': fallback shader 'Universal Render Pipeline/Particles/SimpleLit' not found
Refreshing native plugins compatible for Editor in 0.47 ms, found 0 plugins.
Preloading 0 native plugins for Editor in 0.00 ms.
Unloading 2343 Unused Serialized files (Serialized files now loaded: 0)
System memory in use before: 112.2 MB.
System memory in use after: 109.5 MB.

Unloading 40 unused Assets to reduce memory usage. Loaded Objects now: 2832.
Total: 4.145000 ms (FindLiveObjects: 0.272700 ms CreateObjectMapping: 0.081300 ms MarkObjects: 2.256500 ms  DeleteObjects: 1.532900 ms)

========================================================================
Received Import Request.
  Time since last request: 17.369325 seconds.
  path: Assets/Resource
  artifactKey: Guid(e2d6fd67898bce1488ac28d231f2b801) Importer(815301076,1909f56bfc062723c751e8b465ee728b)
Start importing Assets/Resource using Guid(e2d6fd67898bce1488ac28d231f2b801) Importer(815301076,1909f56bfc062723c751e8b465ee728b)  -> (artifact id: '7286cc7c6f21cc6b05debae50037a1a6') in 0.013011 seconds
  Import took 0.017791 seconds .

========================================================================
Received Import Request.
  Time since last request: 1.525330 seconds.
  path: Assets/Resources
  artifactKey: Guid(e2d6fd67898bce1488ac28d231f2b801) Importer(815301076,1909f56bfc062723c751e8b465ee728b)
Start importing Assets/Resources using Guid(e2d6fd67898bce1488ac28d231f2b801) Importer(815301076,1909f56bfc062723c751e8b465ee728b)  -> (artifact id: '38ae2faca785ebf902e7deb7196e00ba') in 0.007964 seconds
  Import took 0.012284 seconds .

========================================================================
Received Import Request.
  Time since last request: 6.380089 seconds.
  path: Assets/Audio
  artifactKey: Guid(c5c55f9c0f78eb7439e7346f1bd33acd) Importer(815301076,1909f56bfc062723c751e8b465ee728b)
Start importing Assets/Audio using Guid(c5c55f9c0f78eb7439e7346f1bd33acd) Importer(815301076,1909f56bfc062723c751e8b465ee728b)  -> (artifact id: '09259a80676a8bd9bf1046bebd7e8229') in 0.008586 seconds
  Import took 0.012691 seconds .

========================================================================
Received Import Request.
  Time since last request: 1.888293 seconds.
  path: Assets/Audios
  artifactKey: Guid(c5c55f9c0f78eb7439e7346f1bd33acd) Importer(815301076,1909f56bfc062723c751e8b465ee728b)
Start importing Assets/Audios using Guid(c5c55f9c0f78eb7439e7346f1bd33acd) Importer(815301076,1909f56bfc062723c751e8b465ee728b)  -> (artifact id: 'e86fef691a44c831d1ae09d9507e44cb') in 0.007994 seconds
  Import took 0.012058 seconds .

========================================================================
Received Import Request.
  Time since last request: 5.059223 seconds.
  path: Assets/Textures
  artifactKey: Guid(afbfff4a5fbaf6b428b5353de84ccc3f) Importer(815301076,1909f56bfc062723c751e8b465ee728b)
Start importing Assets/Textures using Guid(afbfff4a5fbaf6b428b5353de84ccc3f) Importer(815301076,1909f56bfc062723c751e8b465ee728b)  -> (artifact id: '3760cda817f29710added6c1f3129a75') in 0.006851 seconds
  Import took 0.010792 seconds .

========================================================================
Received Prepare
Registering precompiled user dll's ...
Registered in 0.003567 seconds.
Begin MonoManager ReloadAssembly
Native extension for WindowsStandalone target not found
Native extension for WebGL target not found
Refreshing native plugins compatible for Editor in 0.54 ms, found 0 plugins.
Preloading 0 native plugins for Editor in 0.00 ms.
Mono: successfully reloaded assembly
- Completed reload, in  1.206 seconds
Platform modules already initialized, skipping
Shader 'Universal Render Pipeline/Particles/Lit': fallback shader 'Universal Render Pipeline/Particles/SimpleLit' not found
Shader 'Universal Render Pipeline/Particles/Lit': fallback shader 'Universal Render Pipeline/Particles/SimpleLit' not found
Refreshing native plugins compatible for Editor in 0.75 ms, found 0 plugins.
Preloading 0 native plugins for Editor in 0.00 ms.
Unloading 2703 Unused Serialized files (Serialized files now loaded: 0)
System memory in use before: 127.8 MB.
System memory in use after: 123.0 MB.

Unloading 62 unused Assets to reduce memory usage. Loaded Objects now: 3176.
Total: 11.151700 ms (FindLiveObjects: 0.417300 ms CreateObjectMapping: 0.098900 ms MarkObjects: 2.499000 ms  DeleteObjects: 8.133500 ms)

========================================================================
Received Prepare
Registering precompiled user dll's ...
Registered in 0.002088 seconds.
Begin MonoManager ReloadAssembly
Native extension for WindowsStandalone target not found
Native extension for WebGL target not found
Refreshing native plugins compatible for Editor in 0.53 ms, found 0 plugins.
Preloading 0 native plugins for Editor in 0.00 ms.
Mono: successfully reloaded assembly
- Completed reload, in  1.205 seconds
Platform modules already initialized, skipping
Shader 'Universal Render Pipeline/Particles/Lit': fallback shader 'Universal Render Pipeline/Particles/SimpleLit' not found
Shader 'Universal Render Pipeline/Particles/Lit': fallback shader 'Universal Render Pipeline/Particles/SimpleLit' not found
Refreshing native plugins compatible for Editor in 0.58 ms, found 0 plugins.
Preloading 0 native plugins for Editor in 0.00 ms.
Unloading 2733 Unused Serialized files (Serialized files now loaded: 0)
System memory in use before: 128.6 MB.
System memory in use after: 123.9 MB.

Unloading 63 unused Assets to reduce memory usage. Loaded Objects now: 3209.
Total: 6.118000 ms (FindLiveObjects: 0.327100 ms CreateObjectMapping: 0.110800 ms MarkObjects: 2.278000 ms  DeleteObjects: 3.400500 ms)

========================================================================
Received Import Request.
  Time since last request: 2264.498157 seconds.
  path: Packages/com.unity.probuilder/package.json
  artifactKey: Guid(7958ca6fdf895ca498c5fab155f0b0f1) Importer(815301076,1909f56bfc062723c751e8b465ee728b)
Start importing Packages/com.unity.probuilder/package.json using Guid(7958ca6fdf895ca498c5fab155f0b0f1) Importer(815301076,1909f56bfc062723c751e8b465ee728b)  -> (artifact id: '8cacf5276a8722eda9c57d1409a5fa30') in 0.050910 seconds
  Import took 0.055805 seconds .

========================================================================
Received Import Request.
  Time since last request: 5.363119 seconds.
  path: Packages/com.unity.probuilder/Content/Resources
  artifactKey: Guid(681e2a77546fa4aeea345b40dae7de04) Importer(815301076,1909f56bfc062723c751e8b465ee728b)
Start importing Packages/com.unity.probuilder/Content/Resources using Guid(681e2a77546fa4aeea345b40dae7de04) Importer(815301076,1909f56bfc062723c751e8b465ee728b)  -> (artifact id: '650a802351568577cea18d9a5bf9ceb2') in 0.006770 seconds
  Import took 0.011452 seconds .

========================================================================
Received Import Request.
  Time since last request: 0.003524 seconds.
  path: Packages/com.unity.probuilder/Content/Resources
  artifactKey: Guid(681e2a77546fa4aeea345b40dae7de04) Importer(815301076,1909f56bfc062723c751e8b465ee728b)
Start importing Packages/com.unity.probuilder/Content/Resources using Guid(681e2a77546fa4aeea345b40dae7de04) Importer(815301076,1909f56bfc062723c751e8b465ee728b)  -> (artifact id: '650a802351568577cea18d9a5bf9ceb2') in 0.002806 seconds
  Import took 0.007497 seconds .

========================================================================
Received Import Request.
  Time since last request: 0.679652 seconds.
  path: Packages/com.unity.probuilder/Content/Resources/Materials
  artifactKey: Guid(86a33916cf3294ac7ab58f89c2aa40b9) Importer(815301076,1909f56bfc062723c751e8b465ee728b)
Start importing Packages/com.unity.probuilder/Content/Resources/Materials using Guid(86a33916cf3294ac7ab58f89c2aa40b9) Importer(815301076,1909f56bfc062723c751e8b465ee728b)  -> (artifact id: '77e0e44caf7bd75b984bc969b4755878') in 0.007688 seconds
  Import took 0.012484 seconds .

========================================================================
Received Import Request.
  Time since last request: 0.000355 seconds.
  path: Packages/com.unity.probuilder/Content/Resources/Materials
  artifactKey: Guid(86a33916cf3294ac7ab58f89c2aa40b9) Importer(815301076,1909f56bfc062723c751e8b465ee728b)
Start importing Packages/com.unity.probuilder/Content/Resources/Materials using Guid(86a33916cf3294ac7ab58f89c2aa40b9) Importer(815301076,1909f56bfc062723c751e8b465ee728b)  -> (artifact id: '77e0e44caf7bd75b984bc969b4755878') in 0.002624 seconds
  Import took 0.007179 seconds .

========================================================================
Received Import Request.
  Time since last request: 0.057358 seconds.
  path: Packages/com.unity.probuilder/Content/Resources/Materials/Collider.mat
  artifactKey: Guid(bbb235fff4f48426b863b36058ab66d2) Importer(815301076,1909f56bfc062723c751e8b465ee728b)
Start importing Packages/com.unity.probuilder/Content/Resources/Materials/Collider.mat using Guid(bbb235fff4f48426b863b36058ab66d2) Importer(815301076,1909f56bfc062723c751e8b465ee728b)  -> (artifact id: '1e224c15165124a54301416710044962') in 0.298280 seconds
  Import took 0.303352 seconds .

========================================================================
Received Import Request.
  Time since last request: 0.000287 seconds.
  path: Packages/com.unity.probuilder/Content/Resources/Materials/VertexPickerHDRP.mat
  artifactKey: Guid(7d5c9fc287a2aa945a98203d41282923) Importer(815301076,1909f56bfc062723c751e8b465ee728b)
Start importing Packages/com.unity.probuilder/Content/Resources/Materials/VertexPickerHDRP.mat using Guid(7d5c9fc287a2aa945a98203d41282923) Importer(815301076,1909f56bfc062723c751e8b465ee728b)  -> (artifact id: '24d55b890ad64fce45d00dc7965c29bf') in 0.019901 seconds
  Import took 0.024777 seconds .

========================================================================
Received Import Request.
  Time since last request: 0.000266 seconds.
  path: Packages/com.unity.probuilder/Content/Resources/Materials/FacePicker.mat
  artifactKey: Guid(5695904020f064fdab5ad265b274a616) Importer(815301076,1909f56bfc062723c751e8b465ee728b)
Start importing Packages/com.unity.probuilder/Content/Resources/Materials/FacePicker.mat using Guid(5695904020f064fdab5ad265b274a616) Importer(815301076,1909f56bfc062723c751e8b465ee728b)  -> (artifact id: '42f31d2a094354da3679e75d00707cbe') in 0.020082 seconds
  Import took 0.024995 seconds .

========================================================================
Received Import Request.
  Time since last request: 0.000271 seconds.
  path: Packages/com.unity.probuilder/Content/Resources/Materials/Trigger.mat
  artifactKey: Guid(a1e97cbf2538241b691aae8243b5fb10) Importer(815301076,1909f56bfc062723c751e8b465ee728b)
Start importing Packages/com.unity.probuilder/Content/Resources/Materials/Trigger.mat using Guid(a1e97cbf2538241b691aae8243b5fb10) Importer(815301076,1909f56bfc062723c751e8b465ee728b)  -> (artifact id: '143cf56df4ff4a4295ed551037a9f90f') in 0.017756 seconds
  Import took 0.022866 seconds .

========================================================================
Received Import Request.
  Time since last request: 0.000278 seconds.
  path: Packages/com.unity.probuilder/Content/Resources/Materials/VertexPicker.mat
  artifactKey: Guid(30a8575e1d4cc4e01a88ffbf4f973d80) Importer(815301076,1909f56bfc062723c751e8b465ee728b)
Start importing Packages/com.unity.probuilder/Content/Resources/Materials/VertexPicker.mat using Guid(30a8575e1d4cc4e01a88ffbf4f973d80) Importer(815301076,1909f56bfc062723c751e8b465ee728b)  -> (artifact id: '8263f2693bedd9184ab348adb7f80ac2') in 0.019878 seconds
  Import took 0.024889 seconds .

========================================================================
Received Import Request.
  Time since last request: 0.000278 seconds.
  path: Packages/com.unity.probuilder/Content/Resources/Materials/ProBuilderDefault.mat
  artifactKey: Guid(c22777d6e868e4f2fb421913386b154e) Importer(815301076,1909f56bfc062723c751e8b465ee728b)
Start importing Packages/com.unity.probuilder/Content/Resources/Materials/ProBuilderDefault.mat using Guid(c22777d6e868e4f2fb421913386b154e) Importer(815301076,1909f56bfc062723c751e8b465ee728b)  -> (artifact id: '32641e233209bc642530f5c88675bd90') in 0.021540 seconds
  Import took 0.027206 seconds .

========================================================================
Received Import Request.
  Time since last request: 0.000276 seconds.
  path: Packages/com.unity.probuilder/Content/Resources/Materials/EdgePickerHDRP.mat
  artifactKey: Guid(980c24c5a501a9a429356d191ad356a9) Importer(815301076,1909f56bfc062723c751e8b465ee728b)
Start importing Packages/com.unity.probuilder/Content/Resources/Materials/EdgePickerHDRP.mat using Guid(980c24c5a501a9a429356d191ad356a9) Importer(815301076,1909f56bfc062723c751e8b465ee728b)  -> (artifact id: '8cf29b9b00509443c1ffe36739dc371c') in 0.015166 seconds
  Import took 0.020095 seconds .

========================================================================
Received Import Request.
  Time since last request: 0.000256 seconds.
  path: Packages/com.unity.probuilder/Content/Resources/Materials/EdgePicker.mat
  artifactKey: Guid(4ff996e3a0a5743a3987ab6231160665) Importer(815301076,1909f56bfc062723c751e8b465ee728b)
Start importing Packages/com.unity.probuilder/Content/Resources/Materials/EdgePicker.mat using Guid(4ff996e3a0a5743a3987ab6231160665) Importer(815301076,1909f56bfc062723c751e8b465ee728b)  -> (artifact id: 'a63ef95f0aa84f9e180f67a8e959e09c') in 0.015944 seconds
  Import took 0.020962 seconds .

========================================================================
Received Import Request.
  Time since last request: 0.000302 seconds.
  path: Packages/com.unity.probuilder/Content/Resources/Materials/NoDraw.mat
  artifactKey: Guid(8cb4d6fee77fd4ee6895f08b240d625f) Importer(815301076,1909f56bfc062723c751e8b465ee728b)
Start importing Packages/com.unity.probuilder/Content/Resources/Materials/NoDraw.mat using Guid(8cb4d6fee77fd4ee6895f08b240d625f) Importer(815301076,1909f56bfc062723c751e8b465ee728b)  -> (artifact id: '99ee1af66cf7ec383deada7ab1ca96f5') in 0.047472 seconds
  Import took 0.052448 seconds .

========================================================================
Received Import Request.
  Time since last request: 0.000235 seconds.
  path: Packages/com.unity.probuilder/Content/Resources/Materials/StandardVertexColorLWRP.mat
  artifactKey: Guid(077a003b1de1e4c35923be7a21b5d948) Importer(815301076,1909f56bfc062723c751e8b465ee728b)
Start importing Packages/com.unity.probuilder/Content/Resources/Materials/StandardVertexColorLWRP.mat using Guid(077a003b1de1e4c35923be7a21b5d948) Importer(815301076,1909f56bfc062723c751e8b465ee728b)  -> (artifact id: 'e289aed8c96d29fa22f99a35a798f4c0') in 0.016057 seconds
  Import took 0.020852 seconds .

========================================================================
Received Import Request.
  Time since last request: 0.000230 seconds.
  path: Packages/com.unity.probuilder/Content/Resources/Materials/InvisibleFace.mat
  artifactKey: Guid(978bbcf5050244f1b95128c04103f628) Importer(815301076,1909f56bfc062723c751e8b465ee728b)
Start importing Packages/com.unity.probuilder/Content/Resources/Materials/InvisibleFace.mat using Guid(978bbcf5050244f1b95128c04103f628) Importer(815301076,1909f56bfc062723c751e8b465ee728b)  -> (artifact id: 'e9a13185c339f555ed2a41804c7a3307') in 0.019584 seconds
  Import took 0.024642 seconds .

========================================================================
Received Import Request.
  Time since last request: 0.000307 seconds.
  path: Packages/com.unity.probuilder/Content/Resources/Materials/FacePickerHDRP.mat
  artifactKey: Guid(a53ef0dd76f2fe74eb5f43267d7c0195) Importer(815301076,1909f56bfc062723c751e8b465ee728b)
Start importing Packages/com.unity.probuilder/Content/Resources/Materials/FacePickerHDRP.mat using Guid(a53ef0dd76f2fe74eb5f43267d7c0195) Importer(815301076,1909f56bfc062723c751e8b465ee728b)  -> (artifact id: '0095082f59ee58cfd991acfcedb08d6e') in 0.016525 seconds
  Import took 0.021874 seconds .

========================================================================
Received Import Request.
  Time since last request: 0.000272 seconds.
  path: Packages/com.unity.probuilder/Content/Resources/Materials/UnlitVertexColor.mat
  artifactKey: Guid(29966c3c0907b49b58c4e59342d020cf) Importer(815301076,1909f56bfc062723c751e8b465ee728b)
Start importing Packages/com.unity.probuilder/Content/Resources/Materials/UnlitVertexColor.mat using Guid(29966c3c0907b49b58c4e59342d020cf) Importer(815301076,1909f56bfc062723c751e8b465ee728b)  -> (artifact id: '91163c02d40d43b2fe75a4d70079d4a6') in 0.016382 seconds
  Import took 0.021704 seconds .

========================================================================
Received Import Request.
  Time since last request: 0.000282 seconds.
  path: Packages/com.unity.probuilder/Content/Resources/Materials/StandardVertexColorHDRP.mat
  artifactKey: Guid(c35693c079f3840f7938a4a323096e84) Importer(815301076,1909f56bfc062723c751e8b465ee728b)
Start importing Packages/com.unity.probuilder/Content/Resources/Materials/StandardVertexColorHDRP.mat using Guid(c35693c079f3840f7938a4a323096e84) Importer(815301076,1909f56bfc062723c751e8b465ee728b)  -> (artifact id: 'ea161c4a77b2f169260bbdbf22485536') in 0.016652 seconds
  Import took 0.022593 seconds .

========================================================================
Received Import Request.
  Time since last request: 1.523759 seconds.
  path: Packages/com.unity.probuilder/Content/Resources/Textures
  artifactKey: Guid(f34d08485a9ab475e894ee6a078091e3) Importer(815301076,1909f56bfc062723c751e8b465ee728b)
Start importing Packages/com.unity.probuilder/Content/Resources/Textures using Guid(f34d08485a9ab475e894ee6a078091e3) Importer(815301076,1909f56bfc062723c751e8b465ee728b)  -> (artifact id: 'fe17e6bcad67759b6f20cf75f6b9083a') in 0.007221 seconds
  Import took 0.044984 seconds .

========================================================================
Received Import Request.
  Time since last request: 0.017492 seconds.
  path: Packages/com.unity.probuilder/Content/Resources/Textures/GridBox_Default.png
  artifactKey: Guid(6344bf96fbda94141a525046d088fb23) Importer(815301076,1909f56bfc062723c751e8b465ee728b)
Start importing Packages/com.unity.probuilder/Content/Resources/Textures/GridBox_Default.png using Guid(6344bf96fbda94141a525046d088fb23) Importer(815301076,1909f56bfc062723c751e8b465ee728b)  -> (artifact id: '51f6d15039cec0105c520ee739c0c5b9') in 0.025096 seconds
  Import took 0.029926 seconds .

========================================================================
Received Import Request.
  Time since last request: 16.058431 seconds.
  path: Assets/Textures/GridBox_Default.png
  artifactKey: Guid(97a88e756e52a4343a25651f3c974ff9) Importer(815301076,1909f56bfc062723c751e8b465ee728b)
Start importing Assets/Textures/GridBox_Default.png using Guid(97a88e756e52a4343a25651f3c974ff9) Importer(815301076,1909f56bfc062723c751e8b465ee728b)  -> (artifact id: '1ce211f74f218a20ee4f7590e645dffc') in 0.008679 seconds
  Import took 0.013554 seconds .

========================================================================
Received Import Request.
  Time since last request: 4.153868 seconds.
  path: Assets/Textures/New Material.mat
  artifactKey: Guid(51ea026f05e78584a8ba66e0a37f6bf5) Importer(815301076,1909f56bfc062723c751e8b465ee728b)
Start importing Assets/Textures/New Material.mat using Guid(51ea026f05e78584a8ba66e0a37f6bf5) Importer(815301076,1909f56bfc062723c751e8b465ee728b)  -> (artifact id: 'fd6aa624fb99b4b7f760ada9ae5f9906') in 0.035375 seconds
  Import took 0.040683 seconds .

========================================================================
Received Prepare
Registering precompiled user dll's ...
Registered in 0.001738 seconds.
Begin MonoManager ReloadAssembly
Native extension for WindowsStandalone target not found
Native extension for WebGL target not found
Refreshing native plugins compatible for Editor in 0.53 ms, found 0 plugins.
Preloading 0 native plugins for Editor in 0.00 ms.
Mono: successfully reloaded assembly
- Completed reload, in  1.256 seconds
Platform modules already initialized, skipping
Shader 'Universal Render Pipeline/Particles/Lit': fallback shader 'Universal Render Pipeline/Particles/SimpleLit' not found
Shader 'Universal Render Pipeline/Particles/Lit': fallback shader 'Universal Render Pipeline/Particles/SimpleLit' not found
Refreshing native plugins compatible for Editor in 0.56 ms, found 0 plugins.
Preloading 0 native plugins for Editor in 0.00 ms.
Unloading 2733 Unused Serialized files (Serialized files now loaded: 0)
System memory in use before: 134.2 MB.
System memory in use after: 130.1 MB.

Unloading 56 unused Assets to reduce memory usage. Loaded Objects now: 3302.
Total: 5.045300 ms (FindLiveObjects: 0.312600 ms CreateObjectMapping: 0.093000 ms MarkObjects: 2.165100 ms  DeleteObjects: 2.473400 ms)

========================================================================
Received Import Request.
  Time since last request: 182.031268 seconds.
  path: Assets/Prefabs/Bouncing Ball
  artifactKey: Guid(44d5417d1a76daf4fb297c68fc4ced36) Importer(815301076,1909f56bfc062723c751e8b465ee728b)
Start importing Assets/Prefabs/Bouncing Ball using Guid(44d5417d1a76daf4fb297c68fc4ced36) Importer(815301076,1909f56bfc062723c751e8b465ee728b)  -> (artifact id: 'edc31581bb5a8ec6ab0e1c5e4d5f138b') in 0.012848 seconds
  Import took 0.017994 seconds .

========================================================================
Received Import Request.
  Time since last request: 3.902817 seconds.
  path: Assets/Prefabs/Box
  artifactKey: Guid(1846aded10cf11b4ca059ec761ab0c7d) Importer(815301076,1909f56bfc062723c751e8b465ee728b)
Start importing Assets/Prefabs/Box using Guid(1846aded10cf11b4ca059ec761ab0c7d) Importer(815301076,1909f56bfc062723c751e8b465ee728b)  -> (artifact id: 'd32b01537da39ed41ee77efbd98613aa') in 0.007873 seconds
  Import took 0.012656 seconds .

========================================================================
Received Import Request.
  Time since last request: 5.065050 seconds.
  path: Assets/Prefabs/Bouncing Ball/Sphere.prefab
  artifactKey: Guid(3b383a2016473ff4ead7ec2feb0e7d85) Importer(815301076,1909f56bfc062723c751e8b465ee728b)
Start importing Assets/Prefabs/Bouncing Ball/Sphere.prefab using Guid(3b383a2016473ff4ead7ec2feb0e7d85) Importer(815301076,1909f56bfc062723c751e8b465ee728b)  -> (artifact id: '2e738dd5986a53ba5e0329a90ed0461a') in 0.243617 seconds
  Import took 0.248884 seconds .

========================================================================
Received Import Request.
  Time since last request: 3.790192 seconds.
  path: Assets/Prefabs/Bouncing Ball/Bouncing Ball.prefab
  artifactKey: Guid(3b383a2016473ff4ead7ec2feb0e7d85) Importer(815301076,1909f56bfc062723c751e8b465ee728b)
Start importing Assets/Prefabs/Bouncing Ball/Bouncing Ball.prefab using Guid(3b383a2016473ff4ead7ec2feb0e7d85) Importer(815301076,1909f56bfc062723c751e8b465ee728b)  -> (artifact id: '5244eca79d2a5cf8834f1fa31c4601b0') in 0.012680 seconds
  Import took 0.017957 seconds .

========================================================================
Received Import Request.
  Time since last request: 12.930405 seconds.
  path: Assets/Prefabs/Bouncing Ball/Ball.mat
  artifactKey: Guid(2494ae25b61b3494dac48246c57e05f3) Importer(815301076,1909f56bfc062723c751e8b465ee728b)
Start importing Assets/Prefabs/Bouncing Ball/Ball.mat using Guid(2494ae25b61b3494dac48246c57e05f3) Importer(815301076,1909f56bfc062723c751e8b465ee728b)  -> (artifact id: '34020003bc981858fc5889577426cf61') in 0.030448 seconds
  Import took 0.035471 seconds .

========================================================================
Received Import Request.
  Time since last request: 50.476083 seconds.
  path: Assets/Prefabs/Bouncing Ball/Ball.physicMaterial
  artifactKey: Guid(2bc2a6809782d6a49809f317e72e1052) Importer(815301076,1909f56bfc062723c751e8b465ee728b)
Start importing Assets/Prefabs/Bouncing Ball/Ball.physicMaterial using Guid(2bc2a6809782d6a49809f317e72e1052) Importer(815301076,1909f56bfc062723c751e8b465ee728b)  -> (artifact id: 'ae048d9ee9c81b6abc6db4683069859f') in 0.005445 seconds
  Import took 0.010255 seconds .

========================================================================
Received Import Request.
  Time since last request: 0.003910 seconds.
  path: Assets/Prefabs/Bouncing Ball/Ball.physicMaterial
  artifactKey: Guid(2bc2a6809782d6a49809f317e72e1052) Importer(815301076,1909f56bfc062723c751e8b465ee728b)
Start importing Assets/Prefabs/Bouncing Ball/Ball.physicMaterial using Guid(2bc2a6809782d6a49809f317e72e1052) Importer(815301076,1909f56bfc062723c751e8b465ee728b)  -> (artifact id: 'ae048d9ee9c81b6abc6db4683069859f') in 0.004010 seconds
  Import took 0.009804 seconds .

========================================================================
Received Import Request.
  Time since last request: 3.130515 seconds.
  path: Assets/Prefabs/Bouncing Ball/Bouncing Ball.physicMaterial
  artifactKey: Guid(2bc2a6809782d6a49809f317e72e1052) Importer(815301076,1909f56bfc062723c751e8b465ee728b)
Start importing Assets/Prefabs/Bouncing Ball/Bouncing Ball.physicMaterial using Guid(2bc2a6809782d6a49809f317e72e1052) Importer(815301076,1909f56bfc062723c751e8b465ee728b)  -> (artifact id: 'b9db7c655b833412daea904bff3a502b') in 0.003604 seconds
  Import took 0.008834 seconds .

========================================================================
Received Import Request.
  Time since last request: 0.004781 seconds.
  path: Assets/Prefabs/Bouncing Ball/Bouncing Ball.physicMaterial
  artifactKey: Guid(2bc2a6809782d6a49809f317e72e1052) Importer(815301076,1909f56bfc062723c751e8b465ee728b)
Start importing Assets/Prefabs/Bouncing Ball/Bouncing Ball.physicMaterial using Guid(2bc2a6809782d6a49809f317e72e1052) Importer(815301076,1909f56bfc062723c751e8b465ee728b)  -> (artifact id: 'b9db7c655b833412daea904bff3a502b') in 0.003357 seconds
  Import took 0.008486 seconds .

========================================================================
Received Import Request.
  Time since last request: 8.604347 seconds.
  path: Assets/Prefabs/Bouncing Ball/Bouncing Ball.prefab
  artifactKey: Guid(3b383a2016473ff4ead7ec2feb0e7d85) Importer(815301076,1909f56bfc062723c751e8b465ee728b)
Start importing Assets/Prefabs/Bouncing Ball/Bouncing Ball.prefab using Guid(3b383a2016473ff4ead7ec2feb0e7d85) Importer(815301076,1909f56bfc062723c751e8b465ee728b)  -> (artifact id: 'e6a296c70c248ef91e56ee7ac3993f01') in 0.017820 seconds
  Import took 0.022869 seconds .

========================================================================
Received Import Request.
  Time since last request: 5.562138 seconds.
  path: Assets/Prefabs/Bouncing Ball/Bouncing Ball.prefab
  artifactKey: Guid(3b383a2016473ff4ead7ec2feb0e7d85) Importer(815301076,1909f56bfc062723c751e8b465ee728b)
Start importing Assets/Prefabs/Bouncing Ball/Bouncing Ball.prefab using Guid(3b383a2016473ff4ead7ec2feb0e7d85) Importer(815301076,1909f56bfc062723c751e8b465ee728b)  -> (artifact id: '1981b994f6d61f7d2cd2a554ce7a4c99') in 0.011885 seconds
  Import took 0.017120 seconds .

========================================================================
Received Prepare
Registering precompiled user dll's ...
Registered in 0.001803 seconds.
Begin MonoManager ReloadAssembly
Native extension for WindowsStandalone target not found
Native extension for WebGL target not found
Refreshing native plugins compatible for Editor in 0.53 ms, found 0 plugins.
Preloading 0 native plugins for Editor in 0.00 ms.
Mono: successfully reloaded assembly
- Completed reload, in  1.266 seconds
Platform modules already initialized, skipping
Shader 'Universal Render Pipeline/Particles/Lit': fallback shader 'Universal Render Pipeline/Particles/SimpleLit' not found
Shader 'Universal Render Pipeline/Particles/Lit': fallback shader 'Universal Render Pipeline/Particles/SimpleLit' not found
Refreshing native plugins compatible for Editor in 0.52 ms, found 0 plugins.
Preloading 0 native plugins for Editor in 0.00 ms.
Unloading 2726 Unused Serialized files (Serialized files now loaded: 0)
System memory in use before: 133.8 MB.
System memory in use after: 129.6 MB.

Unloading 56 unused Assets to reduce memory usage. Loaded Objects now: 3342.
Total: 6.064300 ms (FindLiveObjects: 0.385700 ms CreateObjectMapping: 0.094600 ms MarkObjects: 2.563000 ms  DeleteObjects: 3.019000 ms)

========================================================================
Received Import Request.
  Time since last request: 106.672955 seconds.
  path: Assets/Prefabs/Bouncing Ball/Bouncing Ball.physicMaterial
  artifactKey: Guid(2bc2a6809782d6a49809f317e72e1052) Importer(815301076,1909f56bfc062723c751e8b465ee728b)
Start importing Assets/Prefabs/Bouncing Ball/Bouncing Ball.physicMaterial using Guid(2bc2a6809782d6a49809f317e72e1052) Importer(815301076,1909f56bfc062723c751e8b465ee728b)  -> (artifact id: '661d8000712ff3c5476574e244421b12') in 0.032705 seconds
  Import took 0.037668 seconds .

========================================================================
Received Import Request.
  Time since last request: 0.000276 seconds.
  path: Assets/Prefabs/Bouncing Ball/Ball.mat
  artifactKey: Guid(2494ae25b61b3494dac48246c57e05f3) Importer(815301076,1909f56bfc062723c751e8b465ee728b)
Start importing Assets/Prefabs/Bouncing Ball/Ball.mat using Guid(2494ae25b61b3494dac48246c57e05f3) Importer(815301076,1909f56bfc062723c751e8b465ee728b)  -> (artifact id: '497e8539d3aea55c78de868c27699f06') in 0.211474 seconds
  Import took 0.216287 seconds .

========================================================================
Received Import Request.
  Time since last request: 4.734452 seconds.
  path: Assets/Settings/SampleSceneProfile.asset
  artifactKey: Guid(10fc4df2da32a41aaa32d77bc913491c) Importer(815301076,1909f56bfc062723c751e8b465ee728b)
Start importing Assets/Settings/SampleSceneProfile.asset using Guid(10fc4df2da32a41aaa32d77bc913491c) Importer(815301076,1909f56bfc062723c751e8b465ee728b)  -> (artifact id: 'c5ec08eea84359a6d1a6b4ee76db8e17') in 0.009987 seconds
  Import took 0.014779 seconds .

========================================================================
Received Import Request.
  Time since last request: 9.697995 seconds.
  path: Assets/Presets/Defaults
  artifactKey: Guid(71ea82b02df99c2439e0dc8e4e1ebc24) Importer(815301076,1909f56bfc062723c751e8b465ee728b)
Start importing Assets/Presets/Defaults using Guid(71ea82b02df99c2439e0dc8e4e1ebc24) Importer(815301076,1909f56bfc062723c751e8b465ee728b)  -> (artifact id: 'bf5965789c7181234a38bf5ace72db33') in 0.007773 seconds
  Import took 0.012736 seconds .

========================================================================
Received Import Request.
  Time since last request: 0.002840 seconds.
  path: Assets/Presets/Defaults
  artifactKey: Guid(71ea82b02df99c2439e0dc8e4e1ebc24) Importer(815301076,1909f56bfc062723c751e8b465ee728b)
Start importing Assets/Presets/Defaults using Guid(71ea82b02df99c2439e0dc8e4e1ebc24) Importer(815301076,1909f56bfc062723c751e8b465ee728b)  -> (artifact id: 'bf5965789c7181234a38bf5ace72db33') in 0.003004 seconds
  Import took 0.007730 seconds .

========================================================================
Received Import Request.
  Time since last request: 12.817661 seconds.
  path: Assets/Presets/Defaults/AlbedoTexture_Default.preset
  artifactKey: Guid(e8537455c6c08bd4e8bf0be3707da685) Importer(815301076,1909f56bfc062723c751e8b465ee728b)
Start importing Assets/Presets/Defaults/AlbedoTexture_Default.preset using Guid(e8537455c6c08bd4e8bf0be3707da685) Importer(815301076,1909f56bfc062723c751e8b465ee728b)  -> (artifact id: '73972f09b5883963941e561ea02a8342') in 0.012138 seconds
  Import took 0.016987 seconds .

========================================================================
Received Import Request.
  Time since last request: 0.000299 seconds.
  path: Assets/Presets/Defaults/AudioDecompressOnLoad.preset
  artifactKey: Guid(e7689051185d12f4298e1ebb2693a29f) Importer(815301076,1909f56bfc062723c751e8b465ee728b)
Start importing Assets/Presets/Defaults/AudioDecompressOnLoad.preset using Guid(e7689051185d12f4298e1ebb2693a29f) Importer(815301076,1909f56bfc062723c751e8b465ee728b)  -> (artifact id: 'd14f393ca0d856e8deec9544c8f97219') in 0.008911 seconds
  Import took 0.013644 seconds .

========================================================================
Received Import Request.
  Time since last request: 0.000254 seconds.
  path: Assets/Presets/Defaults/DirectionalLight_Default.preset
  artifactKey: Guid(463065d4f17d1d94d848aa127b94dd43) Importer(815301076,1909f56bfc062723c751e8b465ee728b)
Start importing Assets/Presets/Defaults/DirectionalLight_Default.preset using Guid(463065d4f17d1d94d848aa127b94dd43) Importer(815301076,1909f56bfc062723c751e8b465ee728b)  -> (artifact id: '6b284c43a59b5d70f52ee89a1bacf369') in 0.014502 seconds
  Import took 0.019039 seconds .

AssetImportWorkerClient::OnTransportError - code=2 error=End of file
